<?xml version="1.0" encoding="UTF-8"?>
<testng-results skipped="0" failed="0" ignored="0" total="1" passed="1">
  <reporter-output>
  </reporter-output>
  <suite name="Suite" duration-ms="229430" started-at="2019-03-03T17:55:04Z" finished-at="2019-03-03T17:58:53Z">
    <groups>
    </groups>
    <test name="Test" duration-ms="229430" started-at="2019-03-03T17:55:04Z" finished-at="2019-03-03T17:58:53Z">
      <class name="testScripts.addToCartProductTestScript">
        <test-method status="PASS" signature="ConfigReader()[pri:0, instance:testScripts.addToCartProductTestScript@7c75222b]" name="ConfigReader" is-config="true" duration-ms="62" started-at="2019-03-03T17:52:45Z" finished-at="2019-03-03T17:52:45Z">
          <reporter-output>
          </reporter-output>
        </test-method> <!-- ConfigReader -->
        <test-method status="PASS" signature="SetupBrowser()[pri:0, instance:testScripts.addToCartProductTestScript@7c75222b]" name="SetupBrowser" is-config="true" duration-ms="138932" started-at="2019-03-03T17:52:45Z" finished-at="2019-03-03T17:55:04Z">
          <reporter-output>
          </reporter-output>
        </test-method> <!-- SetupBrowser -->
        <test-method status="PASS" signature="addProductToCart()[pri:0, instance:testScripts.addToCartProductTestScript@7c75222b]" name="addProductToCart" duration-ms="229261" started-at="2019-03-03T17:55:04Z" finished-at="2019-03-03T17:58:53Z">
          <reporter-output>
          </reporter-output>
        </test-method> <!-- addProductToCart -->
      </class> <!-- testScripts.addToCartProductTestScript -->
    </test> <!-- Test -->
  </suite> <!-- Suite -->
</testng-results>
