<?xml version="1.0" encoding="UTF-8"?>
<testng-results skipped="0" failed="0" ignored="0" total="1" passed="1">
  <reporter-output>
  </reporter-output>
  <suite name="Suite" duration-ms="142124" started-at="2019-03-03T17:40:38Z" finished-at="2019-03-03T17:43:00Z">
    <groups>
    </groups>
    <test name="Test" duration-ms="142124" started-at="2019-03-03T17:40:38Z" finished-at="2019-03-03T17:43:00Z">
      <class name="testScripts.addToCartProductTestScript">
        <test-method status="PASS" signature="ConfigReader()[pri:0, instance:testScripts.addToCartProductTestScript@59f99ea]" name="ConfigReader" is-config="true" duration-ms="37" started-at="2019-03-03T17:38:30Z" finished-at="2019-03-03T17:38:30Z">
          <reporter-output>
          </reporter-output>
        </test-method> <!-- ConfigReader -->
        <test-method status="PASS" signature="SetupBrowser()[pri:0, instance:testScripts.addToCartProductTestScript@59f99ea]" name="SetupBrowser" is-config="true" duration-ms="127588" started-at="2019-03-03T17:38:30Z" finished-at="2019-03-03T17:40:38Z">
          <reporter-output>
          </reporter-output>
        </test-method> <!-- SetupBrowser -->
        <test-method status="PASS" signature="addProductToCart()[pri:0, instance:testScripts.addToCartProductTestScript@59f99ea]" name="addProductToCart" duration-ms="142006" started-at="2019-03-03T17:40:38Z" finished-at="2019-03-03T17:43:00Z">
          <reporter-output>
          </reporter-output>
        </test-method> <!-- addProductToCart -->
      </class> <!-- testScripts.addToCartProductTestScript -->
    </test> <!-- Test -->
  </suite> <!-- Suite -->
</testng-results>
