<?xml version="1.0" encoding="UTF-8"?>
<testng-results skipped="0" failed="0" ignored="0" total="1" passed="1">
  <reporter-output>
    <line>
      <![CDATA[Landing on home page of the website]]>
    </line>
    <line>
      <![CDATA[Clicked the Tea kettles link]]>
    </line>
    <line>
      <![CDATA[Select the Tea kettles]]>
    </line>
    <line>
      <![CDATA[Clicked on the Add To Cart button]]>
    </line>
    <line>
      <![CDATA[Clicked on the checkout button]]>
    </line>
    <line>
      <![CDATA[Clicked on the Save for later link]]>
    </line>
    <line>
      <![CDATA[Saved product verified successfully]]>
    </line>
  </reporter-output>
  <suite name="Default suite" duration-ms="166792" started-at="2019-03-04T17:53:22Z" finished-at="2019-03-04T17:56:09Z">
    <groups>
    </groups>
    <test name="Default test" duration-ms="166792" started-at="2019-03-04T17:53:22Z" finished-at="2019-03-04T17:56:09Z">
      <class name="testScripts.addToCartProductTestScript">
        <test-method status="PASS" signature="ConfigReader()[pri:0, instance:testScripts.addToCartProductTestScript@47c62251]" name="ConfigReader" is-config="true" duration-ms="37" started-at="2019-03-04T17:52:25Z" finished-at="2019-03-04T17:52:25Z">
          <reporter-output>
          </reporter-output>
        </test-method> <!-- ConfigReader -->
        <test-method status="PASS" signature="SetupBrowser()[pri:0, instance:testScripts.addToCartProductTestScript@47c62251]" name="SetupBrowser" is-config="true" duration-ms="56445" started-at="2019-03-04T17:52:25Z" finished-at="2019-03-04T17:53:22Z">
          <reporter-output>
          </reporter-output>
        </test-method> <!-- SetupBrowser -->
        <test-method status="PASS" signature="addProductToCart()[pri:0, instance:testScripts.addToCartProductTestScript@47c62251]" name="addProductToCart" duration-ms="166729" started-at="2019-03-04T17:53:22Z" finished-at="2019-03-04T17:56:09Z">
          <reporter-output>
            <line>
              <![CDATA[Landing on home page of the website]]>
            </line>
            <line>
              <![CDATA[Clicked the Tea kettles link]]>
            </line>
            <line>
              <![CDATA[Select the Tea kettles]]>
            </line>
            <line>
              <![CDATA[Clicked on the Add To Cart button]]>
            </line>
            <line>
              <![CDATA[Clicked on the checkout button]]>
            </line>
            <line>
              <![CDATA[Clicked on the Save for later link]]>
            </line>
            <line>
              <![CDATA[Saved product verified successfully]]>
            </line>
          </reporter-output>
        </test-method> <!-- addProductToCart -->
        <test-method status="PASS" signature="CloseBrowser()[pri:0, instance:testScripts.addToCartProductTestScript@47c62251]" name="CloseBrowser" is-config="true" duration-ms="2257" started-at="2019-03-04T17:56:09Z" finished-at="2019-03-04T17:56:11Z">
          <reporter-output>
          </reporter-output>
        </test-method> <!-- CloseBrowser -->
      </class> <!-- testScripts.addToCartProductTestScript -->
    </test> <!-- Default test -->
  </suite> <!-- Default suite -->
</testng-results>
